<?xml version="1.0" encoding="UTF-8"?>
<testsuites name="New Test Suite" time="3.52" tests="1" failures="0" errors="0">
   <testsuite name="New Test Suite" tests="1" failures="0" errors="0" time="3.52" skipped="0" timestamp="2022-09-05 14:44:07" hostname="phuc.phan - 10.10.34.126" id="Test Suites/New Test Suite">
      <properties>
         <property name="deviceName" value=""/>
         <property name="devicePlatform" value=""/>
         <property name="logFolder" value="/Users/phuc.phan/Katalon Studio/My First Web UI Project/Reports/20220905_144354/New Test Suite/20220905_144354"/>
         <property name="logFiles" value="/Users/phuc.phan/Katalon Studio/My First Web UI Project/Reports/20220905_144354/New Test Suite/20220905_144354/execution0.log"/>
         <property name="attachments" value=""/>
         <property name="hostName" value="phuc.phan - 10.10.34.126"/>
         <property name="os" value="Mac OS X 64bit"/>
         <property name="katalonVersion" value="8.4.1.208"/>
         <property name="browser" value="Chrome 105.0.0.0"/>
         <property name="hostAddress" value="10.10.34.126"/>
         <property name="sessionId" value="d4688843bbea590b08c3d229d7ece8da"/>
         <property name="seleniumVersion" value="3.141.59"/>
         <property name="proxyInformation" value="ProxyInformation { proxyOption=NO_PROXY, proxyServerType=HTTP, username=, password=********, proxyServerAddress=, proxyServerPort=0, executionList=&quot;&quot;, isApplyToDesiredCapabilities=true }"/>
         <property name="platform" value="Mac OS X"/>
      </properties>
      <testcase name="Test Cases/New Test Case" time="3.234" classname="Test Cases/New Test Case" status="PASSED">
         <system-out><![CDATA[2022-09-05 14:44:07 - [TEST_CASE][PASSED] - Test Cases/New Test Case: Test Cases/New Test Case

2022-09-05 14:44:07 - [TEST_STEP][PASSED] - openBrowser(""): Browser is opened with url: ''

2022-09-05 14:44:07 - [MESSAGE][INFO] - Starting 'Chrome' driver

2022-09-05 14:44:07 - [MESSAGE][INFO] - Action delay is set to 0 milliseconds

2022-09-05 14:44:10 - [MESSAGE][PASSED] - Browser is opened with url: ''

2022-09-05 14:44:10 - [TEST_STEP][PASSED] - closeBrowser(): Browser is closed

2022-09-05 14:44:10 - [MESSAGE][PASSED] - Browser is closed]]></system-out>
         <system-err><![CDATA[]]></system-err>
      </testcase>
      <system-out><![CDATA[2022-09-05 14:44:07 - [TEST_SUITE][PASSED] - New Test Suite: Test Cases/New Test Case]]></system-out>
      <system-err><![CDATA[]]></system-err>
   </testsuite>
</testsuites>
